# JRE version: Java(TM) SE Runtime Environment (21.0.2+13) (build 21.0.2+13-LTS-58)
# Java VM: Java HotSpot(TM) 64-Bit Server VM (21.0.2+13-LTS-58, mixed mode, emulated-client, sharing, tiered, compressed oops, compressed class ptrs, g1 gc, windows-amd64)
GC Precious Log:
 CardTable entry size: 512
 Card Set container configuration: InlinePtr #cards 4 size 8 Array Of Cards #cards 16 size 48 Howl #buckets 8 coarsen threshold 3686 Howl Bitmap #cards 512 size 80 coarsen threshold 460 Card regions per heap region 1 cards per card region 4096
 CPUs: 12 total, 12 available
 Memory: 16052M
 Large Page Support: Disabled
 NUMA Support: Disabled
 Compressed Oops: Enabled (Zero based)
 Heap Region Size: 2M
 Heap Min Capacity: 8M
 Heap Initial Capacity: 252M
 Heap Max Capacity: 4014M
 Pre-touch: Disabled
 Parallel Workers: 10
 Concurrent Workers: 3
 Concurrent Refinement Workers: 10
 Periodic GC: Disabled
Heap:
 garbage-first heap   total 96256K, used 46649K [0x0000000705200000, 0x0000000800000000)
  region size 2048K, 12 young (24576K), 3 survivors (6144K)
 Metaspace       used 74837K, committed 75520K, reserved 1114112K
  class space    used 10283K, committed 10624K, reserved 1048576K
GC Heap History (20 events):
Event: 621.772 GC heap before
{Heap before GC invocations=29 (full 3):
 garbage-first heap   total 96256K, used 58986K [0x0000000705200000, 0x0000000800000000)
  region size 2048K, 18 young (36864K), 3 survivors (6144K)
 Metaspace       used 73815K, committed 74560K, reserved 1114112K
  class space    used 10183K, committed 10560K, reserved 1048576K
}
Event: 621.816 GC heap after
{Heap after GC invocations=30 (full 4):
 garbage-first heap   total 96256K, used 26240K [0x0000000705200000, 0x0000000800000000)
  region size 2048K, 0 young (0K), 0 survivors (0K)
 Metaspace       used 73812K, committed 74560K, reserved 1114112K
  class space    used 10183K, committed 10560K, reserved 1048576K
}
Event: 622.252 GC heap before
{Heap before GC invocations=30 (full 4):
 garbage-first heap   total 96256K, used 79488K [0x0000000705200000, 0x0000000800000000)
  region size 2048K, 27 young (55296K), 0 survivors (0K)
 Metaspace       used 74006K, committed 74752K, reserved 1114112K
  class space    used 10200K, committed 10560K, reserved 1048576K
}
Event: 622.256 GC heap after
{Heap after GC invocations=31 (full 4):
 garbage-first heap   total 96256K, used 31158K [0x0000000705200000, 0x0000000800000000)
  region size 2048K, 3 young (6144K), 3 survivors (6144K)
 Metaspace       used 74006K, committed 74752K, reserved 1114112K
  class space    used 10200K, committed 10560K, reserved 1048576K
}
Event: 630.830 GC heap before
{Heap before GC invocations=31 (full 4):
 garbage-first heap   total 96256K, used 43446K [0x0000000705200000, 0x0000000800000000)
  region size 2048K, 10 young (20480K), 3 survivors (6144K)
 Metaspace       used 74012K, committed 74752K, reserved 1114112K
  class space    used 10202K, committed 10560K, reserved 1048576K
}
Event: 630.866 GC heap after
{Heap after GC invocations=32 (full 5):
 garbage-first heap   total 96256K, used 25299K [0x0000000705200000, 0x0000000800000000)
  region size 2048K, 0 young (0K), 0 survivors (0K)
 Metaspace       used 73954K, committed 74752K, reserved 1114112K
  class space    used 10187K, committed 10560K, reserved 1048576K
}
Event: 631.388 GC heap before
{Heap before GC invocations=32 (full 5):
 garbage-first heap   total 96256K, used 80595K [0x0000000705200000, 0x0000000800000000)
  region size 2048K, 27 young (55296K), 0 survivors (0K)
 Metaspace       used 74149K, committed 74880K, reserved 1114112K
  class space    used 10208K, committed 10560K, reserved 1048576K
}
Event: 631.392 GC heap after
{Heap after GC invocations=33 (full 5):
 garbage-first heap   total 96256K, used 30109K [0x0000000705200000, 0x0000000800000000)
  region size 2048K, 3 young (6144K), 3 survivors (6144K)
 Metaspace       used 74149K, committed 74880K, reserved 1114112K
  class space    used 10208K, committed 10560K, reserved 1048576K
}
Event: 634.889 GC heap before
{Heap before GC invocations=33 (full 5):
 garbage-first heap   total 96256K, used 42397K [0x0000000705200000, 0x0000000800000000)
  region size 2048K, 10 young (20480K), 3 survivors (6144K)
 Metaspace       used 74153K, committed 74880K, reserved 1114112K
  class space    used 10209K, committed 10560K, reserved 1048576K
}
Event: 634.951 GC heap after
{Heap after GC invocations=34 (full 6):
 garbage-first heap   total 96256K, used 25449K [0x0000000705200000, 0x0000000800000000)
  region size 2048K, 0 young (0K), 0 survivors (0K)
 Metaspace       used 74150K, committed 74880K, reserved 1114112K
  class space    used 10208K, committed 10560K, reserved 1048576K
}
Event: 635.429 GC heap before
{Heap before GC invocations=34 (full 6):
 garbage-first heap   total 96256K, used 80745K [0x0000000705200000, 0x0000000800000000)
  region size 2048K, 27 young (55296K), 0 survivors (0K)
 Metaspace       used 74346K, committed 75072K, reserved 1114112K
  class space    used 10230K, committed 10560K, reserved 1048576K
}
Event: 635.433 GC heap after
{Heap after GC invocations=35 (full 6):
 garbage-first heap   total 96256K, used 30266K [0x0000000705200000, 0x0000000800000000)
  region size 2048K, 3 young (6144K), 3 survivors (6144K)
 Metaspace       used 74346K, committed 75072K, reserved 1114112K
  class space    used 10230K, committed 10560K, reserved 1048576K
}
Event: 658.056 GC heap before
{Heap before GC invocations=35 (full 6):
 garbage-first heap   total 96256K, used 42554K [0x0000000705200000, 0x0000000800000000)
  region size 2048K, 10 young (20480K), 3 survivors (6144K)
 Metaspace       used 74369K, committed 75072K, reserved 1114112K
  class space    used 10232K, committed 10560K, reserved 1048576K
}
Event: 658.101 GC heap after
{Heap after GC invocations=36 (full 7):
 garbage-first heap   total 96256K, used 25636K [0x0000000705200000, 0x0000000800000000)
  region size 2048K, 0 young (0K), 0 survivors (0K)
 Metaspace       used 74366K, committed 75072K, reserved 1114112K
  class space    used 10231K, committed 10560K, reserved 1048576K
}
Event: 658.489 GC heap before
{Heap before GC invocations=36 (full 7):
 garbage-first heap   total 96256K, used 80932K [0x0000000705200000, 0x0000000800000000)
  region size 2048K, 27 young (55296K), 0 survivors (0K)
 Metaspace       used 74560K, committed 75328K, reserved 1114112K
  class space    used 10252K, committed 10624K, reserved 1048576K
}
Event: 658.494 GC heap after
{Heap after GC invocations=37 (full 7):
 garbage-first heap   total 96256K, used 30266K [0x0000000705200000, 0x0000000800000000)
  region size 2048K, 3 young (6144K), 3 survivors (6144K)
 Metaspace       used 74560K, committed 75328K, reserved 1114112K
  class space    used 10252K, committed 10624K, reserved 1048576K
}
Event: 834.087 GC heap before
{Heap before GC invocations=37 (full 7):
 garbage-first heap   total 96256K, used 50746K [0x0000000705200000, 0x0000000800000000)
  region size 2048K, 14 young (28672K), 3 survivors (6144K)
 Metaspace       used 74586K, committed 75328K, reserved 1114112K
  class space    used 10253K, committed 10624K, reserved 1048576K
}
Event: 834.129 GC heap after
{Heap after GC invocations=38 (full 8):
 garbage-first heap   total 96256K, used 25815K [0x0000000705200000, 0x0000000800000000)
  region size 2048K, 0 young (0K), 0 survivors (0K)
 Metaspace       used 74583K, committed 75328K, reserved 1114112K
  class space    used 10252K, committed 10624K, reserved 1048576K
}
Event: 834.608 GC heap before
{Heap before GC invocations=38 (full 8):
 garbage-first heap   total 96256K, used 77015K [0x0000000705200000, 0x0000000800000000)
  region size 2048K, 26 young (53248K), 0 survivors (0K)
 Metaspace       used 74775K, committed 75520K, reserved 1114112K
  class space    used 10272K, committed 10624K, reserved 1048576K
}
Event: 834.612 GC heap after
{Heap after GC invocations=39 (full 8):
 garbage-first heap   total 96256K, used 30265K [0x0000000705200000, 0x0000000800000000)
  region size 2048K, 3 young (6144K), 3 survivors (6144K)
 Metaspace       used 74775K, committed 75520K, reserved 1114112K
  class space    used 10272K, committed 10624K, reserved 1048576K
}

