# JRE version: Java(TM) SE Runtime Environment (21.0.2+13) (build 21.0.2+13-LTS-58)
# Java VM: Java HotSpot(TM) 64-Bit Server VM (21.0.2+13-LTS-58, mixed mode, emulated-client, sharing, tiered, compressed oops, compressed class ptrs, g1 gc, windows-amd64)
GC Precious Log:
 CardTable entry size: 512
 Card Set container configuration: InlinePtr #cards 4 size 8 Array Of Cards #cards 16 size 48 Howl #buckets 8 coarsen threshold 3686 Howl Bitmap #cards 512 size 80 coarsen threshold 460 Card regions per heap region 1 cards per card region 4096
 CPUs: 12 total, 12 available
 Memory: 16052M
 Large Page Support: Disabled
 NUMA Support: Disabled
 Compressed Oops: Enabled (Zero based)
 Heap Region Size: 2M
 Heap Min Capacity: 8M
 Heap Initial Capacity: 252M
 Heap Max Capacity: 4014M
 Pre-touch: Disabled
 Parallel Workers: 10
 Concurrent Workers: 3
 Concurrent Refinement Workers: 10
 Periodic GC: Disabled
Heap:
 garbage-first heap   total 108544K, used 77169K [0x0000000705200000, 0x0000000800000000)
  region size 2048K, 25 young (51200K), 0 survivors (0K)
 Metaspace       used 75018K, committed 75840K, reserved 1114112K
  class space    used 10263K, committed 10624K, reserved 1048576K
GC Heap History (20 events):
Event: 2.663 GC heap before
{Heap before GC invocations=8 (full 0):
 garbage-first heap   total 157696K, used 67834K [0x0000000705200000, 0x0000000800000000)
  region size 2048K, 29 young (59392K), 4 survivors (8192K)
 Metaspace       used 35580K, committed 36160K, reserved 1114112K
  class space    used 4795K, committed 5056K, reserved 1048576K
}
Event: 2.672 GC heap after
{Heap after GC invocations=9 (full 0):
 garbage-first heap   total 157696K, used 19874K [0x0000000705200000, 0x0000000800000000)
  region size 2048K, 4 young (8192K), 4 survivors (8192K)
 Metaspace       used 35580K, committed 36160K, reserved 1114112K
  class space    used 4795K, committed 5056K, reserved 1048576K
}
Event: 2.877 GC heap before
{Heap before GC invocations=10 (full 0):
 garbage-first heap   total 75776K, used 56738K [0x0000000705200000, 0x0000000800000000)
  region size 2048K, 22 young (45056K), 4 survivors (8192K)
 Metaspace       used 39129K, committed 39744K, reserved 1114112K
  class space    used 5303K, committed 5568K, reserved 1048576K
}
Event: 2.887 GC heap after
{Heap after GC invocations=11 (full 0):
 garbage-first heap   total 75776K, used 20844K [0x0000000705200000, 0x0000000800000000)
  region size 2048K, 2 young (4096K), 2 survivors (4096K)
 Metaspace       used 39129K, committed 39744K, reserved 1114112K
  class space    used 5303K, committed 5568K, reserved 1048576K
}
Event: 3.171 GC heap before
{Heap before GC invocations=11 (full 0):
 garbage-first heap   total 75776K, used 61804K [0x0000000705200000, 0x0000000800000000)
  region size 2048K, 22 young (45056K), 2 survivors (4096K)
 Metaspace       used 45883K, committed 46528K, reserved 1114112K
  class space    used 6155K, committed 6464K, reserved 1048576K
}
Event: 3.176 GC heap after
{Heap after GC invocations=12 (full 0):
 garbage-first heap   total 92160K, used 22706K [0x0000000705200000, 0x0000000800000000)
  region size 2048K, 2 young (4096K), 2 survivors (4096K)
 Metaspace       used 45883K, committed 46528K, reserved 1114112K
  class space    used 6155K, committed 6464K, reserved 1048576K
}
Event: 3.412 GC heap before
{Heap before GC invocations=12 (full 0):
 garbage-first heap   total 92160K, used 71858K [0x0000000705200000, 0x0000000800000000)
  region size 2048K, 27 young (55296K), 2 survivors (4096K)
 Metaspace       used 51010K, committed 51648K, reserved 1114112K
  class space    used 6780K, committed 7040K, reserved 1048576K
}
Event: 3.417 GC heap after
{Heap after GC invocations=13 (full 0):
 garbage-first heap   total 92160K, used 24040K [0x0000000705200000, 0x0000000800000000)
  region size 2048K, 3 young (6144K), 3 survivors (6144K)
 Metaspace       used 51010K, committed 51648K, reserved 1114112K
  class space    used 6780K, committed 7040K, reserved 1048576K
}
Event: 3.650 GC heap before
{Heap before GC invocations=13 (full 0):
 garbage-first heap   total 92160K, used 71144K [0x0000000705200000, 0x0000000800000000)
  region size 2048K, 27 young (55296K), 3 survivors (6144K)
 Metaspace       used 56304K, committed 56960K, reserved 1114112K
  class space    used 7759K, committed 8064K, reserved 1048576K
}
Event: 3.656 GC heap after
{Heap after GC invocations=14 (full 0):
 garbage-first heap   total 92160K, used 26012K [0x0000000705200000, 0x0000000800000000)
  region size 2048K, 3 young (6144K), 3 survivors (6144K)
 Metaspace       used 56304K, committed 56960K, reserved 1114112K
  class space    used 7759K, committed 8064K, reserved 1048576K
}
Event: 3.852 GC heap before
{Heap before GC invocations=14 (full 0):
 garbage-first heap   total 92160K, used 60828K [0x0000000705200000, 0x0000000800000000)
  region size 2048K, 21 young (43008K), 3 survivors (6144K)
 Metaspace       used 59804K, committed 60416K, reserved 1114112K
  class space    used 8193K, committed 8448K, reserved 1048576K
}
Event: 3.859 GC heap after
{Heap after GC invocations=15 (full 0):
 garbage-first heap   total 92160K, used 25937K [0x0000000705200000, 0x0000000800000000)
  region size 2048K, 2 young (4096K), 2 survivors (4096K)
 Metaspace       used 59804K, committed 60416K, reserved 1114112K
  class space    used 8193K, committed 8448K, reserved 1048576K
}
Event: 4.208 GC heap before
{Heap before GC invocations=16 (full 0):
 garbage-first heap   total 90112K, used 75089K [0x0000000705200000, 0x0000000800000000)
  region size 2048K, 26 young (53248K), 2 survivors (4096K)
 Metaspace       used 65306K, committed 65984K, reserved 1114112K
  class space    used 8959K, committed 9280K, reserved 1048576K
}
Event: 4.215 GC heap after
{Heap after GC invocations=17 (full 0):
 garbage-first heap   total 90112K, used 27938K [0x0000000705200000, 0x0000000800000000)
  region size 2048K, 3 young (6144K), 3 survivors (6144K)
 Metaspace       used 65306K, committed 65984K, reserved 1114112K
  class space    used 8959K, committed 9280K, reserved 1048576K
}
Event: 21.594 GC heap before
{Heap before GC invocations=17 (full 0):
 garbage-first heap   total 90112K, used 75042K [0x0000000705200000, 0x0000000800000000)
  region size 2048K, 26 young (53248K), 3 survivors (6144K)
 Metaspace       used 68454K, committed 69248K, reserved 1114112K
  class space    used 9433K, committed 9792K, reserved 1048576K
}
Event: 21.602 GC heap after
{Heap after GC invocations=18 (full 0):
 garbage-first heap   total 108544K, used 30469K [0x0000000705200000, 0x0000000800000000)
  region size 2048K, 4 young (8192K), 4 survivors (8192K)
 Metaspace       used 68454K, committed 69248K, reserved 1114112K
  class space    used 9433K, committed 9792K, reserved 1048576K
}
Event: 22.090 GC heap before
{Heap before GC invocations=18 (full 0):
 garbage-first heap   total 108544K, used 83717K [0x0000000705200000, 0x0000000800000000)
  region size 2048K, 31 young (63488K), 4 survivors (8192K)
 Metaspace       used 73836K, committed 74624K, reserved 1114112K
  class space    used 10124K, committed 10496K, reserved 1048576K
}
Event: 22.098 GC heap after
{Heap after GC invocations=19 (full 0):
 garbage-first heap   total 108544K, used 32852K [0x0000000705200000, 0x0000000800000000)
  region size 2048K, 3 young (6144K), 3 survivors (6144K)
 Metaspace       used 73836K, committed 74624K, reserved 1114112K
  class space    used 10124K, committed 10496K, reserved 1048576K
}
Event: 170.300 GC heap before
{Heap before GC invocations=19 (full 0):
 garbage-first heap   total 108544K, used 49236K [0x0000000705200000, 0x0000000800000000)
  region size 2048K, 12 young (24576K), 3 survivors (6144K)
 Metaspace       used 74801K, committed 75584K, reserved 1114112K
  class space    used 10242K, committed 10560K, reserved 1048576K
}
Event: 170.338 GC heap after
{Heap after GC invocations=20 (full 1):
 garbage-first heap   total 108544K, used 28017K [0x0000000705200000, 0x0000000800000000)
  region size 2048K, 0 young (0K), 0 survivors (0K)
 Metaspace       used 74801K, committed 75584K, reserved 1114112K
  class space    used 10242K, committed 10560K, reserved 1048576K
}

